2015-03-02 10:29:24,066 INFO  [AndroMDA] - discovering namespaces -
2015-03-02 10:29:24,520 INFO  [AndroMDA] found namespace --> 'emf-uml22'
2015-03-02 10:29:24,520 INFO  [AndroMDA]   +  registering component 'repository'
2015-03-02 10:29:24,645 INFO  [AndroMDA]   +  registering component 'metafacades'
2015-03-02 10:29:24,867 INFO  [AndroMDA]   +  registering component 'profile'
2015-03-02 10:29:24,882 INFO  [AndroMDA] found namespace --> 'hibernate'
2015-03-02 10:29:24,882 INFO  [AndroMDA]   +  registering component 'cartridge'
2015-03-02 10:29:24,991 INFO  [AndroMDA]   +  registering component 'metafacades'
2015-03-02 10:29:25,054 INFO  [AndroMDA]   +  registering component 'profile'
2015-03-02 10:29:25,085 INFO  [AndroMDA] found namespace --> 'java'
2015-03-02 10:29:25,085 INFO  [AndroMDA]   +  registering component 'cartridge'
2015-03-02 10:29:25,101 INFO  [AndroMDA]   +  registering component 'profile'
2015-03-02 10:29:25,116 INFO  [AndroMDA]   +  registering component 'metafacades'
2015-03-02 10:29:25,132 INFO  [AndroMDA] found namespace --> 'netBeansMDR'
2015-03-02 10:29:25,132 INFO  [AndroMDA]   +  registering component 'repository'
2015-03-02 10:29:25,352 INFO  [AndroMDA] found namespace --> 'spring'
2015-03-02 10:29:25,352 INFO  [AndroMDA]   +  registering component 'cartridge'
2015-03-02 10:29:25,680 INFO  [AndroMDA]   +  registering component 'metafacades'
2015-03-02 10:29:25,776 INFO  [AndroMDA]   +  registering component 'profile'
2015-03-02 10:29:25,839 INFO  [AndroMDA] found namespace --> 'uml-1.4'
2015-03-02 10:29:25,839 INFO  [AndroMDA]   +  registering component 'metafacades'
2015-03-02 10:29:26,038 INFO  [AndroMDA]   +  registering component 'profile'
2015-03-02 10:29:26,053 INFO  [AndroMDA] found namespace --> 'validation'
2015-03-02 10:29:26,053 INFO  [AndroMDA]   +  registering component 'translation-library'
2015-03-02 10:29:28,387 INFO  [AndroMDA] - core initialization complete: 4.765[s] -
2015-03-02 10:29:28,418 ERROR [org.andromda.core.engine.ModelProcessor] Error performing ModelProcessor.process with model(s) --> 'D:/javatools/auchan_workspace/rtmm-rp/mda/src/main/uml/rtmm-rp.xmi'
2015-03-02 10:29:28,435 ERROR [AndroMDA] Exception recorded in --> 'D:\javatools\auchan_workspace\rtmm-rp\andromda150302102928.exc'
